<?xml version="1.0" encoding="utf-8"?>
<coverage line-rate="0.0611" branch-rate="0" version="1.9" timestamp="1764789190" lines-covered="107" lines-valid="1751" branches-covered="0" branches-valid="860">
  <sources>
    <source>/Users/kazeochan/Documents/Coding Enviroment/mehguviewer/v1/MehguViewer.Core/</source>
  </sources>
  <packages>
    <package name="MehguViewer.Core.Shared" line-rate="0.4083" branch-rate="1" complexity="216">
      <classes>
        <class name="MehguViewer.Shared.Models.AdminPasswordRequest" filename="MehguViewer.Core.Shared/AdminModels.cs" line-rate="1" branch-rate="1" complexity="1">
          <methods>
            <method name="get_password" signature="()" line-rate="1" branch-rate="1" complexity="1">
              <lines>
                <line number="3" hits="5" branch="False" />
              </lines>
            </method>
          </methods>
          <lines>
            <line number="3" hits="5" branch="False" />
          </lines>
        </class>
        <class name="MehguViewer.Shared.Models.DatabaseConfig" filename="MehguViewer.Core.Shared/AdminModels.cs" line-rate="0" branch-rate="1" complexity="6">
          <methods>
            <method name="get_host" signature="()" line-rate="0" branch-rate="1" complexity="1">
              <lines>
                <line number="6" hits="0" branch="False" />
              </lines>
            </method>
            <method name="get_port" signature="()" line-rate="0" branch-rate="1" complexity="1">
              <lines>
                <line number="7" hits="0" branch="False" />
              </lines>
            </method>
            <method name="get_database" signature="()" line-rate="0" branch-rate="1" complexity="1">
              <lines>
                <line number="8" hits="0" branch="False" />
              </lines>
            </method>
            <method name="get_username" signature="()" line-rate="0" branch-rate="1" complexity="1">
              <lines>
                <line number="9" hits="0" branch="False" />
              </lines>
            </method>
            <method name="get_password" signature="()" line-rate="0" branch-rate="1" complexity="1">
              <lines>
                <line number="10" hits="0" branch="False" />
              </lines>
            </method>
            <method name=".ctor" signature="(System.String,System.Int32,System.String,System.String,System.String)" line-rate="0" branch-rate="1" complexity="1">
              <lines>
                <line number="5" hits="0" branch="False" />
                <line number="11" hits="0" branch="False" />
              </lines>
            </method>
          </methods>
          <lines>
            <line number="6" hits="0" branch="False" />
            <line number="7" hits="0" branch="False" />
            <line number="8" hits="0" branch="False" />
            <line number="9" hits="0" branch="False" />
            <line number="10" hits="0" branch="False" />
            <line number="5" hits="0" branch="False" />
            <line number="11" hits="0" branch="False" />
          </lines>
        </class>
        <class name="MehguViewer.Shared.Models.DatabaseSetupRequest" filename="MehguViewer.Core.Shared/AdminModels.cs" line-rate="0" branch-rate="1" complexity="7">
          <methods>
            <method name="get_host" signature="()" line-rate="0" branch-rate="1" complexity="1">
              <lines>
                <line number="14" hits="0" branch="False" />
              </lines>
            </method>
            <method name="get_port" signature="()" line-rate="0" branch-rate="1" complexity="1">
              <lines>
                <line number="15" hits="0" branch="False" />
              </lines>
            </method>
            <method name="get_database" signature="()" line-rate="0" branch-rate="1" complexity="1">
              <lines>
                <line number="16" hits="0" branch="False" />
              </lines>
            </method>
            <method name="get_username" signature="()" line-rate="0" branch-rate="1" complexity="1">
              <lines>
                <line number="17" hits="0" branch="False" />
              </lines>
            </method>
            <method name="get_password" signature="()" line-rate="0" branch-rate="1" complexity="1">
              <lines>
                <line number="18" hits="0" branch="False" />
              </lines>
            </method>
            <method name="get_reset" signature="()" line-rate="0" branch-rate="1" complexity="1">
              <lines>
                <line number="19" hits="0" branch="False" />
              </lines>
            </method>
            <method name=".ctor" signature="(System.String,System.Int32,System.String,System.String,System.String,System.Boolean)" line-rate="0" branch-rate="1" complexity="1">
              <lines>
                <line number="13" hits="0" branch="False" />
                <line number="20" hits="0" branch="False" />
              </lines>
            </method>
          </methods>
          <lines>
            <line number="14" hits="0" branch="False" />
            <line number="15" hits="0" branch="False" />
            <line number="16" hits="0" branch="False" />
            <line number="17" hits="0" branch="False" />
            <line number="18" hits="0" branch="False" />
            <line number="19" hits="0" branch="False" />
            <line number="13" hits="0" branch="False" />
            <line number="20" hits="0" branch="False" />
          </lines>
        </class>
        <class name="MehguViewer.Shared.Models.DatabaseTestResponse" filename="MehguViewer.Core.Shared/AdminModels.cs" line-rate="0" branch-rate="1" complexity="1">
          <methods>
            <method name="get_has_data" signature="()" line-rate="0" branch-rate="1" complexity="1">
              <lines>
                <line number="22" hits="0" branch="False" />
              </lines>
            </method>
          </methods>
          <lines>
            <line number="22" hits="0" branch="False" />
          </lines>
        </class>
        <class name="MehguViewer.Shared.Models.EmbeddedDatabaseStatus" filename="MehguViewer.Core.Shared/AdminModels.cs" line-rate="0" branch-rate="1" complexity="9">
          <methods>
            <method name="get_available" signature="()" line-rate="0" branch-rate="1" complexity="1">
              <lines>
                <line number="25" hits="0" branch="False" />
              </lines>
            </method>
            <method name="get_running" signature="()" line-rate="0" branch-rate="1" complexity="1">
              <lines>
                <line number="26" hits="0" branch="False" />
              </lines>
            </method>
            <method name="get_enabled" signature="()" line-rate="0" branch-rate="1" complexity="1">
              <lines>
                <line number="27" hits="0" branch="False" />
              </lines>
            </method>
            <method name="get_port" signature="()" line-rate="0" branch-rate="1" complexity="1">
              <lines>
                <line number="28" hits="0" branch="False" />
              </lines>
            </method>
            <method name="get_has_data" signature="()" line-rate="0" branch-rate="1" complexity="1">
              <lines>
                <line number="29" hits="0" branch="False" />
              </lines>
            </method>
            <method name="get_version" signature="()" line-rate="0" branch-rate="1" complexity="1">
              <lines>
                <line number="30" hits="0" branch="False" />
              </lines>
            </method>
            <method name="get_data_directory" signature="()" line-rate="0" branch-rate="1" complexity="1">
              <lines>
                <line number="31" hits="0" branch="False" />
              </lines>
            </method>
            <method name="get_error_message" signature="()" line-rate="0" branch-rate="1" complexity="1">
              <lines>
                <line number="32" hits="0" branch="False" />
              </lines>
            </method>
            <method name=".ctor" signature="(System.Boolean,System.Boolean,System.Boolean,System.Int32,System.Boolean,System.String,System.String,System.String)" line-rate="0" branch-rate="1" complexity="1">
              <lines>
                <line number="24" hits="0" branch="False" />
                <line number="33" hits="0" branch="False" />
              </lines>
            </method>
          </methods>
          <lines>
            <line number="25" hits="0" branch="False" />
            <line number="26" hits="0" branch="False" />
            <line number="27" hits="0" branch="False" />
            <line number="28" hits="0" branch="False" />
            <line number="29" hits="0" branch="False" />
            <line number="30" hits="0" branch="False" />
            <line number="31" hits="0" branch="False" />
            <line number="32" hits="0" branch="False" />
            <line number="24" hits="0" branch="False" />
            <line number="33" hits="0" branch="False" />
          </lines>
        </class>
        <class name="MehguViewer.Shared.Models.UseEmbeddedDatabaseRequest" filename="MehguViewer.Core.Shared/AdminModels.cs" line-rate="0" branch-rate="1" complexity="1">
          <methods>
            <method name="get_reset_data" signature="()" line-rate="0" branch-rate="1" complexity="1">
              <lines>
                <line number="35" hits="0" branch="False" />
              </lines>
            </method>
          </methods>
          <lines>
            <line number="35" hits="0" branch="False" />
          </lines>
        </class>
        <class name="MehguViewer.Shared.Models.UseEmbeddedDatabaseResponse" filename="MehguViewer.Core.Shared/AdminModels.cs" line-rate="0" branch-rate="1" complexity="1">
          <methods>
            <method name="get_message" signature="()" line-rate="0" branch-rate="1" complexity="1">
              <lines>
                <line number="37" hits="0" branch="False" />
              </lines>
            </method>
          </methods>
          <lines>
            <line number="37" hits="0" branch="False" />
          </lines>
        </class>
        <class name="MehguViewer.Shared.Models.SetupStatusResponse" filename="MehguViewer.Core.Shared/AdminModels.cs" line-rate="1" branch-rate="1" complexity="1">
          <methods>
            <method name="get_is_setup_complete" signature="()" line-rate="1" branch-rate="1" complexity="1">
              <lines>
                <line number="39" hits="6" branch="False" />
              </lines>
            </method>
          </methods>
          <lines>
            <line number="39" hits="6" branch="False" />
          </lines>
        </class>
        <class name="MehguViewer.Shared.Models.DebugResponse" filename="MehguViewer.Core.Shared/AdminModels.cs" line-rate="0" branch-rate="1" complexity="1">
          <methods>
            <method name="get_message" signature="()" line-rate="0" branch-rate="1" complexity="1">
              <lines>
                <line number="41" hits="0" branch="False" />
              </lines>
            </method>
          </methods>
          <lines>
            <line number="41" hits="0" branch="False" />
          </lines>
        </class>
        <class name="MehguViewer.Shared.Models.ResetRequest" filename="MehguViewer.Core.Shared/AdminModels.cs" line-rate="0" branch-rate="1" complexity="1">
          <methods>
            <method name="get_password_hash" signature="()" line-rate="0" branch-rate="1" complexity="1">
              <lines>
                <line number="43" hits="0" branch="False" />
              </lines>
            </method>
          </methods>
          <lines>
            <line number="43" hits="0" branch="False" />
          </lines>
        </class>
        <class name="MehguViewer.Shared.Models.ResetResponse" filename="MehguViewer.Core.Shared/AdminModels.cs" line-rate="0" branch-rate="1" complexity="1">
          <methods>
            <method name="get_message" signature="()" line-rate="0" branch-rate="1" complexity="1">
              <lines>
                <line number="45" hits="0" branch="False" />
              </lines>
            </method>
          </methods>
          <lines>
            <line number="45" hits="0" branch="False" />
          </lines>
        </class>
        <class name="MehguViewer.Shared.Models.StorageSettingsUpdate" filename="MehguViewer.Core.Shared/AdminModels.cs" line-rate="0" branch-rate="1" complexity="1">
          <methods>
            <method name="get_thumbnail_size" signature="()" line-rate="0" branch-rate="1" complexity="1">
              <lines>
                <line number="47" hits="0" branch="False" />
              </lines>
            </method>
          </methods>
          <lines>
            <line number="47" hits="0" branch="False" />
          </lines>
        </class>
        <class name="MehguViewer.Shared.Models.StorageStatsResponse" filename="MehguViewer.Core.Shared/AdminModels.cs" line-rate="0" branch-rate="1" complexity="1">
          <methods>
            <method name="get_asset_count" signature="()" line-rate="0" branch-rate="1" complexity="1">
              <lines>
                <line number="49" hits="0" branch="False" />
              </lines>
            </method>
          </methods>
          <lines>
            <line number="49" hits="0" branch="False" />
          </lines>
        </class>
        <class name="MehguViewer.Shared.Models.NodeMetadata" filename="MehguViewer.Core.Shared/Domain.cs" line-rate="1" branch-rate="1" complexity="7">
          <methods>
            <method name="get_version" signature="()" line-rate="1" branch-rate="1" complexity="1">
              <lines>
                <line number="7" hits="4" branch="False" />
              </lines>
            </method>
            <method name="get_node_name" signature="()" line-rate="1" branch-rate="1" complexity="1">
              <lines>
                <line number="8" hits="4" branch="False" />
              </lines>
            </method>
            <method name="get_description" signature="()" line-rate="1" branch-rate="1" complexity="1">
              <lines>
                <line number="9" hits="4" branch="False" />
              </lines>
            </method>
            <method name="get_auth_server" signature="()" line-rate="1" branch-rate="1" complexity="1">
              <lines>
                <line number="10" hits="4" branch="False" />
              </lines>
            </method>
            <method name="get_capabilities" signature="()" line-rate="1" branch-rate="1" complexity="1">
              <lines>
                <line number="11" hits="4" branch="False" />
              </lines>
            </method>
            <method name="get_maintainer" signature="()" line-rate="1" branch-rate="1" complexity="1">
              <lines>
                <line number="12" hits="4" branch="False" />
              </lines>
            </method>
            <method name=".ctor" signature="(System.String,System.String,System.String,System.String,MehguViewer.Shared.Models.NodeCapabilities,MehguViewer.Shared.Models.NodeMaintainer)" line-rate="1" branch-rate="1" complexity="1">
              <lines>
                <line number="6" hits="7" branch="False" />
                <line number="13" hits="7" branch="False" />
              </lines>
            </method>
          </methods>
          <lines>
            <line number="7" hits="4" branch="False" />
            <line number="8" hits="4" branch="False" />
            <line number="9" hits="4" branch="False" />
            <line number="10" hits="4" branch="False" />
            <line number="11" hits="4" branch="False" />
            <line number="12" hits="4" branch="False" />
            <line number="6" hits="7" branch="False" />
            <line number="13" hits="7" branch="False" />
          </lines>
        </class>
        <class name="MehguViewer.Shared.Models.NodeCapabilities" filename="MehguViewer.Core.Shared/Domain.cs" line-rate="1" branch-rate="1" complexity="4">
          <methods>
            <method name="get_search" signature="()" line-rate="1" branch-rate="1" complexity="1">
              <lines>
                <line number="16" hits="4" branch="False" />
              </lines>
            </method>
            <method name="get_streaming" signature="()" line-rate="1" branch-rate="1" complexity="1">
              <lines>
                <line number="17" hits="4" branch="False" />
              </lines>
            </method>
            <method name="get_download" signature="()" line-rate="1" branch-rate="1" complexity="1">
              <lines>
                <line number="18" hits="4" branch="False" />
              </lines>
            </method>
            <method name=".ctor" signature="(System.Boolean,System.Boolean,System.Boolean)" line-rate="1" branch-rate="1" complexity="1">
              <lines>
                <line number="15" hits="7" branch="False" />
                <line number="19" hits="7" branch="False" />
              </lines>
            </method>
          </methods>
          <lines>
            <line number="16" hits="4" branch="False" />
            <line number="17" hits="4" branch="False" />
            <line number="18" hits="4" branch="False" />
            <line number="15" hits="7" branch="False" />
            <line number="19" hits="7" branch="False" />
          </lines>
        </class>
        <class name="MehguViewer.Shared.Models.NodeMaintainer" filename="MehguViewer.Core.Shared/Domain.cs" line-rate="1" branch-rate="1" complexity="3">
          <methods>
            <method name="get_name" signature="()" line-rate="1" branch-rate="1" complexity="1">
              <lines>
                <line number="22" hits="4" branch="False" />
              </lines>
            </method>
            <method name="get_email" signature="()" line-rate="1" branch-rate="1" complexity="1">
              <lines>
                <line number="23" hits="4" branch="False" />
              </lines>
            </method>
            <method name=".ctor" signature="(System.String,System.String)" line-rate="1" branch-rate="1" complexity="1">
              <lines>
                <line number="21" hits="7" branch="False" />
                <line number="24" hits="7" branch="False" />
              </lines>
            </method>
          </methods>
          <lines>
            <line number="22" hits="4" branch="False" />
            <line number="23" hits="4" branch="False" />
            <line number="21" hits="7" branch="False" />
            <line number="24" hits="7" branch="False" />
          </lines>
        </class>
        <class name="MehguViewer.Shared.Models.NodeManifest" filename="MehguViewer.Core.Shared/Domain.cs" line-rate="1" branch-rate="1" complexity="10">
          <methods>
            <method name="get_urn" signature="()" line-rate="1" branch-rate="1" complexity="1">
              <lines>
                <line number="27" hits="10" branch="False" />
              </lines>
            </method>
            <method name="get_name" signature="()" line-rate="1" branch-rate="1" complexity="1">
              <lines>
                <line number="28" hits="10" branch="False" />
              </lines>
            </method>
            <method name="get_description" signature="()" line-rate="1" branch-rate="1" complexity="1">
              <lines>
                <line number="29" hits="10" branch="False" />
              </lines>
            </method>
            <method name="get_version" signature="()" line-rate="1" branch-rate="1" complexity="1">
              <lines>
                <line number="30" hits="10" branch="False" />
              </lines>
            </method>
            <method name="get_software" signature="()" line-rate="1" branch-rate="1" complexity="1">
              <lines>
                <line number="31" hits="10" branch="False" />
              </lines>
            </method>
            <method name="get_maintainer" signature="()" line-rate="1" branch-rate="1" complexity="1">
              <lines>
                <line number="32" hits="10" branch="False" />
              </lines>
            </method>
            <method name="get_registration_open" signature="()" line-rate="1" branch-rate="1" complexity="1">
              <lines>
                <line number="33" hits="10" branch="False" />
              </lines>
            </method>
            <method name="get_features" signature="()" line-rate="1" branch-rate="1" complexity="1">
              <lines>
                <line number="34" hits="10" branch="False" />
              </lines>
            </method>
            <method name="get_image_cdn_url" signature="()" line-rate="1" branch-rate="1" complexity="1">
              <lines>
                <line number="35" hits="10" branch="False" />
              </lines>
            </method>
            <method name=".ctor" signature="(System.String,System.String,System.String,System.String,System.String,System.String,System.Boolean,MehguViewer.Shared.Models.NodeFeatures,System.String)" line-rate="1" branch-rate="1" complexity="1">
              <lines>
                <line number="26" hits="10" branch="False" />
                <line number="36" hits="10" branch="False" />
              </lines>
            </method>
          </methods>
          <lines>
            <line number="27" hits="10" branch="False" />
            <line number="28" hits="10" branch="False" />
            <line number="29" hits="10" branch="False" />
            <line number="30" hits="10" branch="False" />
            <line number="31" hits="10" branch="False" />
            <line number="32" hits="10" branch="False" />
            <line number="33" hits="10" branch="False" />
            <line number="34" hits="10" branch="False" />
            <line number="35" hits="10" branch="False" />
            <line number="26" hits="10" branch="False" />
            <line number="36" hits="10" branch="False" />
          </lines>
        </class>
        <class name="MehguViewer.Shared.Models.NodeFeatures" filename="MehguViewer.Core.Shared/Domain.cs" line-rate="1" branch-rate="1" complexity="3">
          <methods>
            <method name="get_ui_image_tiers_enabled" signature="()" line-rate="1" branch-rate="1" complexity="1">
              <lines>
                <line number="39" hits="10" branch="False" />
              </lines>
            </method>
            <method name="get_video_streaming_enabled" signature="()" line-rate="1" branch-rate="1" complexity="1">
              <lines>
                <line number="40" hits="10" branch="False" />
              </lines>
            </method>
            <method name=".ctor" signature="(System.Boolean,System.Boolean)" line-rate="1" branch-rate="1" complexity="1">
              <lines>
                <line number="38" hits="10" branch="False" />
                <line number="41" hits="10" branch="False" />
              </lines>
            </method>
          </methods>
          <lines>
            <line number="39" hits="10" branch="False" />
            <line number="40" hits="10" branch="False" />
            <line number="38" hits="10" branch="False" />
            <line number="41" hits="10" branch="False" />
          </lines>
        </class>
        <class name="MehguViewer.Shared.Models.TaxonomyData" filename="MehguViewer.Core.Shared/Domain.cs" line-rate="1" branch-rate="1" complexity="5">
          <methods>
            <method name="get_genres" signature="()" line-rate="1" branch-rate="1" complexity="1">
              <lines>
                <line number="45" hits="5" branch="False" />
              </lines>
            </method>
            <method name="get_content_warnings" signature="()" line-rate="1" branch-rate="1" complexity="1">
              <lines>
                <line number="46" hits="5" branch="False" />
              </lines>
            </method>
            <method name="get_types" signature="()" line-rate="1" branch-rate="1" complexity="1">
              <lines>
                <line number="47" hits="5" branch="False" />
              </lines>
            </method>
            <method name="get_scanlators" signature="()" line-rate="1" branch-rate="1" complexity="1">
              <lines>
                <line number="48" hits="5" branch="False" />
              </lines>
            </method>
            <method name=".ctor" signature="(System.String[],System.String[],System.String[],System.String[])" line-rate="1" branch-rate="1" complexity="1">
              <lines>
                <line number="44" hits="5" branch="False" />
                <line number="49" hits="5" branch="False" />
              </lines>
            </method>
          </methods>
          <lines>
            <line number="45" hits="5" branch="False" />
            <line number="46" hits="5" branch="False" />
            <line number="47" hits="5" branch="False" />
            <line number="48" hits="5" branch="False" />
            <line number="44" hits="5" branch="False" />
            <line number="49" hits="5" branch="False" />
          </lines>
        </class>
        <class name="MehguViewer.Shared.Models.SearchResults" filename="MehguViewer.Core.Shared/Domain.cs" line-rate="1" branch-rate="1" complexity="3">
          <methods>
            <method name="get_data" signature="()" line-rate="1" branch-rate="1" complexity="1">
              <lines>
                <line number="52" hits="5" branch="False" />
              </lines>
            </method>
            <method name="get_meta" signature="()" line-rate="1" branch-rate="1" complexity="1">
              <lines>
                <line number="53" hits="5" branch="False" />
              </lines>
            </method>
            <method name=".ctor" signature="(MehguViewer.Shared.Models.Series[],MehguViewer.Shared.Models.CursorPagination)" line-rate="1" branch-rate="1" complexity="1">
              <lines>
                <line number="51" hits="5" branch="False" />
                <line number="54" hits="5" branch="False" />
              </lines>
            </method>
          </methods>
          <lines>
            <line number="52" hits="5" branch="False" />
            <line number="53" hits="5" branch="False" />
            <line number="51" hits="5" branch="False" />
            <line number="54" hits="5" branch="False" />
          </lines>
        </class>
        <class name="MehguViewer.Shared.Models.CursorPagination" filename="MehguViewer.Core.Shared/Domain.cs" line-rate="1" branch-rate="1" complexity="3">
          <methods>
            <method name="get_next_cursor" signature="()" line-rate="1" branch-rate="1" complexity="1">
              <lines>
                <line number="57" hits="10" branch="False" />
              </lines>
            </method>
            <method name="get_has_more" signature="()" line-rate="1" branch-rate="1" complexity="1">
              <lines>
                <line number="58" hits="10" branch="False" />
              </lines>
            </method>
            <method name=".ctor" signature="(System.String,System.Boolean)" line-rate="1" branch-rate="1" complexity="1">
              <lines>
                <line number="56" hits="10" branch="False" />
                <line number="59" hits="10" branch="False" />
              </lines>
            </method>
          </methods>
          <lines>
            <line number="57" hits="10" branch="False" />
            <line number="58" hits="10" branch="False" />
            <line number="56" hits="10" branch="False" />
            <line number="59" hits="10" branch="False" />
          </lines>
        </class>
        <class name="MehguViewer.Shared.Models.SeriesCreate" filename="MehguViewer.Core.Shared/Domain.cs" line-rate="1" branch-rate="1" complexity="6">
          <methods>
            <method name="get_title" signature="()" line-rate="1" branch-rate="1" complexity="1">
              <lines>
                <line number="63" hits="24" branch="False" />
              </lines>
            </method>
            <method name="get_description" signature="()" line-rate="1" branch-rate="1" complexity="1">
              <lines>
                <line number="64" hits="11" branch="False" />
              </lines>
            </method>
            <method name="get_media_type" signature="()" line-rate="1" branch-rate="1" complexity="1">
              <lines>
                <line number="65" hits="23" branch="False" />
              </lines>
            </method>
            <method name="get_reading_direction" signature="()" line-rate="1" branch-rate="1" complexity="1">
              <lines>
                <line number="66" hits="11" branch="False" />
              </lines>
            </method>
            <method name="get_duration_seconds" signature="()" line-rate="1" branch-rate="1" complexity="1">
              <lines>
                <line number="67" hits="11" branch="False" />
              </lines>
            </method>
            <method name=".ctor" signature="(System.String,System.String,System.String,System.String,System.Nullable`1&lt;System.Int32&gt;)" line-rate="1" branch-rate="1" complexity="1">
              <lines>
                <line number="62" hits="13" branch="False" />
                <line number="68" hits="13" branch="False" />
              </lines>
            </method>
          </methods>
          <lines>
            <line number="63" hits="24" branch="False" />
            <line number="64" hits="11" branch="False" />
            <line number="65" hits="23" branch="False" />
            <line number="66" hits="11" branch="False" />
            <line number="67" hits="11" branch="False" />
            <line number="62" hits="13" branch="False" />
            <line number="68" hits="13" branch="False" />
          </lines>
        </class>
        <class name="MehguViewer.Shared.Models.Series" filename="MehguViewer.Core.Shared/Domain.cs" line-rate="1" branch-rate="1" complexity="10">
          <methods>
            <method name="get_id" signature="()" line-rate="1" branch-rate="1" complexity="1">
              <lines>
                <line number="71" hits="52" branch="False" />
              </lines>
            </method>
            <method name="get_federation_ref" signature="()" line-rate="1" branch-rate="1" complexity="1">
              <lines>
                <line number="72" hits="30" branch="False" />
              </lines>
            </method>
            <method name="get_title" signature="()" line-rate="1" branch-rate="1" complexity="1">
              <lines>
                <line number="73" hits="35" branch="False" />
              </lines>
            </method>
            <method name="get_description" signature="()" line-rate="1" branch-rate="1" complexity="1">
              <lines>
                <line number="74" hits="30" branch="False" />
              </lines>
            </method>
            <method name="get_poster" signature="()" line-rate="1" branch-rate="1" complexity="1">
              <lines>
                <line number="75" hits="30" branch="False" />
              </lines>
            </method>
            <method name="get_media_type" signature="()" line-rate="1" branch-rate="1" complexity="1">
              <lines>
                <line number="76" hits="36" branch="False" />
              </lines>
            </method>
            <method name="get_external_links" signature="()" line-rate="1" branch-rate="1" complexity="1">
              <lines>
                <line number="77" hits="30" branch="False" />
              </lines>
            </method>
            <method name="get_reading_direction" signature="()" line-rate="1" branch-rate="1" complexity="1">
              <lines>
                <line number="78" hits="30" branch="False" />
              </lines>
            </method>
            <method name="get_duration_seconds" signature="()" line-rate="1" branch-rate="1" complexity="1">
              <lines>
                <line number="79" hits="30" branch="False" />
              </lines>
            </method>
            <method name=".ctor" signature="(System.String,System.String,System.String,System.String,MehguViewer.Shared.Models.Poster,System.String,System.Collections.Generic.Dictionary`2&lt;System.String,System.String&gt;,System.String,System.Nullable`1&lt;System.Int32&gt;)" line-rate="1" branch-rate="1" complexity="1">
              <lines>
                <line number="70" hits="11" branch="False" />
                <line number="80" hits="11" branch="False" />
              </lines>
            </method>
          </methods>
          <lines>
            <line number="71" hits="52" branch="False" />
            <line number="72" hits="30" branch="False" />
            <line number="73" hits="35" branch="False" />
            <line number="74" hits="30" branch="False" />
            <line number="75" hits="30" branch="False" />
            <line number="76" hits="36" branch="False" />
            <line number="77" hits="30" branch="False" />
            <line number="78" hits="30" branch="False" />
            <line number="79" hits="30" branch="False" />
            <line number="70" hits="11" branch="False" />
            <line number="80" hits="11" branch="False" />
          </lines>
        </class>
        <class name="MehguViewer.Shared.Models.Poster" filename="MehguViewer.Core.Shared/Domain.cs" line-rate="1" branch-rate="1" complexity="3">
          <methods>
            <method name="get_url" signature="()" line-rate="1" branch-rate="1" complexity="1">
              <lines>
                <line number="83" hits="30" branch="False" />
              </lines>
            </method>
            <method name="get_alt_text" signature="()" line-rate="1" branch-rate="1" complexity="1">
              <lines>
                <line number="84" hits="30" branch="False" />
              </lines>
            </method>
            <method name=".ctor" signature="(System.String,System.String)" line-rate="1" branch-rate="1" complexity="1">
              <lines>
                <line number="82" hits="11" branch="False" />
                <line number="85" hits="11" branch="False" />
              </lines>
            </method>
          </methods>
          <lines>
            <line number="83" hits="30" branch="False" />
            <line number="84" hits="30" branch="False" />
            <line number="82" hits="11" branch="False" />
            <line number="85" hits="11" branch="False" />
          </lines>
        </class>
        <class name="MehguViewer.Shared.Models.SeriesListResponse" filename="MehguViewer.Core.Shared/Domain.cs" line-rate="1" branch-rate="1" complexity="3">
          <methods>
            <method name="get_data" signature="()" line-rate="1" branch-rate="1" complexity="1">
              <lines>
                <line number="88" hits="3" branch="False" />
              </lines>
            </method>
            <method name="get_meta" signature="()" line-rate="1" branch-rate="1" complexity="1">
              <lines>
                <line number="89" hits="3" branch="False" />
              </lines>
            </method>
            <method name=".ctor" signature="(MehguViewer.Shared.Models.Series[],MehguViewer.Shared.Models.CursorPagination)" line-rate="1" branch-rate="1" complexity="1">
              <lines>
                <line number="87" hits="3" branch="False" />
                <line number="90" hits="3" branch="False" />
              </lines>
            </method>
          </methods>
          <lines>
            <line number="88" hits="3" branch="False" />
            <line number="89" hits="3" branch="False" />
            <line number="87" hits="3" branch="False" />
            <line number="90" hits="3" branch="False" />
          </lines>
        </class>
        <class name="MehguViewer.Shared.Models.UnitCreate" filename="MehguViewer.Core.Shared/Domain.cs" line-rate="1" branch-rate="1" complexity="3">
          <methods>
            <method name="get_unit_number" signature="()" line-rate="1" branch-rate="1" complexity="1">
              <lines>
                <line number="94" hits="4" branch="False" />
              </lines>
            </method>
            <method name="get_title" signature="()" line-rate="1" branch-rate="1" complexity="1">
              <lines>
                <line number="95" hits="4" branch="False" />
              </lines>
            </method>
            <method name=".ctor" signature="(System.Double,System.String)" line-rate="1" branch-rate="1" complexity="1">
              <lines>
                <line number="93" hits="4" branch="False" />
                <line number="96" hits="4" branch="False" />
              </lines>
            </method>
          </methods>
          <lines>
            <line number="94" hits="4" branch="False" />
            <line number="95" hits="4" branch="False" />
            <line number="93" hits="4" branch="False" />
            <line number="96" hits="4" branch="False" />
          </lines>
        </class>
        <class name="MehguViewer.Shared.Models.Unit" filename="MehguViewer.Core.Shared/Domain.cs" line-rate="1" branch-rate="1" complexity="6">
          <methods>
            <method name="get_id" signature="()" line-rate="1" branch-rate="1" complexity="1">
              <lines>
                <line number="99" hits="15" branch="False" />
              </lines>
            </method>
            <method name="get_series_id" signature="()" line-rate="1" branch-rate="1" complexity="1">
              <lines>
                <line number="100" hits="10" branch="False" />
              </lines>
            </method>
            <method name="get_unit_number" signature="()" line-rate="1" branch-rate="1" complexity="1">
              <lines>
                <line number="101" hits="10" branch="False" />
              </lines>
            </method>
            <method name="get_title" signature="()" line-rate="1" branch-rate="1" complexity="1">
              <lines>
                <line number="102" hits="7" branch="False" />
              </lines>
            </method>
            <method name="get_created_at" signature="()" line-rate="1" branch-rate="1" complexity="1">
              <lines>
                <line number="103" hits="7" branch="False" />
              </lines>
            </method>
            <method name=".ctor" signature="(System.String,System.String,System.Double,System.String,System.DateTime)" line-rate="1" branch-rate="1" complexity="1">
              <lines>
                <line number="98" hits="4" branch="False" />
                <line number="104" hits="4" branch="False" />
              </lines>
            </method>
          </methods>
          <lines>
            <line number="99" hits="15" branch="False" />
            <line number="100" hits="10" branch="False" />
            <line number="101" hits="10" branch="False" />
            <line number="102" hits="7" branch="False" />
            <line number="103" hits="7" branch="False" />
            <line number="98" hits="4" branch="False" />
            <line number="104" hits="4" branch="False" />
          </lines>
        </class>
        <class name="MehguViewer.Shared.Models.UnitListResponse" filename="MehguViewer.Core.Shared/Domain.cs" line-rate="1" branch-rate="1" complexity="3">
          <methods>
            <method name="get_data" signature="()" line-rate="1" branch-rate="1" complexity="1">
              <lines>
                <line number="107" hits="2" branch="False" />
              </lines>
            </method>
            <method name="get_meta" signature="()" line-rate="1" branch-rate="1" complexity="1">
              <lines>
                <line number="108" hits="2" branch="False" />
              </lines>
            </method>
            <method name=".ctor" signature="(MehguViewer.Shared.Models.Unit[],MehguViewer.Shared.Models.CursorPagination)" line-rate="1" branch-rate="1" complexity="1">
              <lines>
                <line number="106" hits="2" branch="False" />
                <line number="109" hits="2" branch="False" />
              </lines>
            </method>
          </methods>
          <lines>
            <line number="107" hits="2" branch="False" />
            <line number="108" hits="2" branch="False" />
            <line number="106" hits="2" branch="False" />
            <line number="109" hits="2" branch="False" />
          </lines>
        </class>
        <class name="MehguViewer.Shared.Models.Page" filename="MehguViewer.Core.Shared/Domain.cs" line-rate="0" branch-rate="1" complexity="4">
          <methods>
            <method name="get_page_number" signature="()" line-rate="0" branch-rate="1" complexity="1">
              <lines>
                <line number="113" hits="0" branch="False" />
              </lines>
            </method>
            <method name="get_asset_urn" signature="()" line-rate="0" branch-rate="1" complexity="1">
              <lines>
                <line number="114" hits="0" branch="False" />
              </lines>
            </method>
            <method name="get_url" signature="()" line-rate="0" branch-rate="1" complexity="1">
              <lines>
                <line number="115" hits="0" branch="False" />
              </lines>
            </method>
            <method name=".ctor" signature="(System.Int32,System.String,System.String)" line-rate="0" branch-rate="1" complexity="1">
              <lines>
                <line number="112" hits="0" branch="False" />
                <line number="116" hits="0" branch="False" />
              </lines>
            </method>
          </methods>
          <lines>
            <line number="113" hits="0" branch="False" />
            <line number="114" hits="0" branch="False" />
            <line number="115" hits="0" branch="False" />
            <line number="112" hits="0" branch="False" />
            <line number="116" hits="0" branch="False" />
          </lines>
        </class>
        <class name="MehguViewer.Shared.Models.PageCreate" filename="MehguViewer.Core.Shared/Domain.cs" line-rate="0" branch-rate="1" complexity="3">
          <methods>
            <method name="get_page_number" signature="()" line-rate="0" branch-rate="1" complexity="1">
              <lines>
                <line number="119" hits="0" branch="False" />
              </lines>
            </method>
            <method name="get_url" signature="()" line-rate="0" branch-rate="1" complexity="1">
              <lines>
                <line number="120" hits="0" branch="False" />
              </lines>
            </method>
            <method name=".ctor" signature="(System.Int32,System.String)" line-rate="0" branch-rate="1" complexity="1">
              <lines>
                <line number="118" hits="0" branch="False" />
                <line number="121" hits="0" branch="False" />
              </lines>
            </method>
          </methods>
          <lines>
            <line number="119" hits="0" branch="False" />
            <line number="120" hits="0" branch="False" />
            <line number="118" hits="0" branch="False" />
            <line number="121" hits="0" branch="False" />
          </lines>
        </class>
        <class name="MehguViewer.Shared.Models.JobResponse" filename="MehguViewer.Core.Shared/Domain.cs" line-rate="0" branch-rate="1" complexity="3">
          <methods>
            <method name="get_job_id" signature="()" line-rate="0" branch-rate="1" complexity="1">
              <lines>
                <line number="125" hits="0" branch="False" />
              </lines>
            </method>
            <method name="get_status" signature="()" line-rate="0" branch-rate="1" complexity="1">
              <lines>
                <line number="126" hits="0" branch="False" />
              </lines>
            </method>
            <method name=".ctor" signature="(System.String,System.String)" line-rate="0" branch-rate="1" complexity="1">
              <lines>
                <line number="124" hits="0" branch="False" />
                <line number="127" hits="0" branch="False" />
              </lines>
            </method>
          </methods>
          <lines>
            <line number="125" hits="0" branch="False" />
            <line number="126" hits="0" branch="False" />
            <line number="124" hits="0" branch="False" />
            <line number="127" hits="0" branch="False" />
          </lines>
        </class>
        <class name="MehguViewer.Shared.Models.Job" filename="MehguViewer.Core.Shared/Domain.cs" line-rate="0" branch-rate="1" complexity="7">
          <methods>
            <method name="get_id" signature="()" line-rate="0" branch-rate="1" complexity="1">
              <lines>
                <line number="130" hits="0" branch="False" />
              </lines>
            </method>
            <method name="get_type" signature="()" line-rate="0" branch-rate="1" complexity="1">
              <lines>
                <line number="131" hits="0" branch="False" />
              </lines>
            </method>
            <method name="get_status" signature="()" line-rate="0" branch-rate="1" complexity="1">
              <lines>
                <line number="132" hits="0" branch="False" />
              </lines>
            </method>
            <method name="get_progress_percentage" signature="()" line-rate="0" branch-rate="1" complexity="1">
              <lines>
                <line number="133" hits="0" branch="False" />
              </lines>
            </method>
            <method name="get_result_urn" signature="()" line-rate="0" branch-rate="1" complexity="1">
              <lines>
                <line number="134" hits="0" branch="False" />
              </lines>
            </method>
            <method name="get_error_details" signature="()" line-rate="0" branch-rate="1" complexity="1">
              <lines>
                <line number="135" hits="0" branch="False" />
              </lines>
            </method>
            <method name=".ctor" signature="(System.String,System.String,System.String,System.Int32,System.String,System.String)" line-rate="0" branch-rate="1" complexity="1">
              <lines>
                <line number="129" hits="0" branch="False" />
                <line number="136" hits="0" branch="False" />
              </lines>
            </method>
          </methods>
          <lines>
            <line number="130" hits="0" branch="False" />
            <line number="131" hits="0" branch="False" />
            <line number="132" hits="0" branch="False" />
            <line number="133" hits="0" branch="False" />
            <line number="134" hits="0" branch="False" />
            <line number="135" hits="0" branch="False" />
            <line number="129" hits="0" branch="False" />
            <line number="136" hits="0" branch="False" />
          </lines>
        </class>
        <class name="MehguViewer.Shared.Models.JobListResponse" filename="MehguViewer.Core.Shared/Domain.cs" line-rate="0" branch-rate="1" complexity="2">
          <methods>
            <method name="get_data" signature="()" line-rate="0" branch-rate="1" complexity="1">
              <lines>
                <line number="139" hits="0" branch="False" />
              </lines>
            </method>
            <method name=".ctor" signature="(MehguViewer.Shared.Models.Job[])" line-rate="0" branch-rate="1" complexity="1">
              <lines>
                <line number="138" hits="0" branch="False" />
                <line number="140" hits="0" branch="False" />
              </lines>
            </method>
          </methods>
          <lines>
            <line number="139" hits="0" branch="False" />
            <line number="138" hits="0" branch="False" />
            <line number="140" hits="0" branch="False" />
          </lines>
        </class>
        <class name="MehguViewer.Shared.Models.ProgressUpdate" filename="MehguViewer.Core.Shared/Domain.cs" line-rate="0" branch-rate="1" complexity="4">
          <methods>
            <method name="get_last_read_chapter_id" signature="()" line-rate="0" branch-rate="1" complexity="1">
              <lines>
                <line number="144" hits="0" branch="False" />
              </lines>
            </method>
            <method name="get_page_number" signature="()" line-rate="0" branch-rate="1" complexity="1">
              <lines>
                <line number="145" hits="0" branch="False" />
              </lines>
            </method>
            <method name="get_completed" signature="()" line-rate="0" branch-rate="1" complexity="1">
              <lines>
                <line number="146" hits="0" branch="False" />
              </lines>
            </method>
            <method name=".ctor" signature="(System.String,System.Int32,System.Boolean)" line-rate="0" branch-rate="1" complexity="1">
              <lines>
                <line number="143" hits="0" branch="False" />
                <line number="147" hits="0" branch="False" />
              </lines>
            </method>
          </methods>
          <lines>
            <line number="144" hits="0" branch="False" />
            <line number="145" hits="0" branch="False" />
            <line number="146" hits="0" branch="False" />
            <line number="143" hits="0" branch="False" />
            <line number="147" hits="0" branch="False" />
          </lines>
        </class>
        <class name="MehguViewer.Shared.Models.ReadingProgress" filename="MehguViewer.Core.Shared/Domain.cs" line-rate="0" branch-rate="1" complexity="6">
          <methods>
            <method name="get_series_urn" signature="()" line-rate="0" branch-rate="1" complexity="1">
              <lines>
                <line number="150" hits="0" branch="False" />
              </lines>
            </method>
            <method name="get_chapter_id" signature="()" line-rate="0" branch-rate="1" complexity="1">
              <lines>
                <line number="151" hits="0" branch="False" />
              </lines>
            </method>
            <method name="get_page_number" signature="()" line-rate="0" branch-rate="1" complexity="1">
              <lines>
                <line number="152" hits="0" branch="False" />
              </lines>
            </method>
            <method name="get_status" signature="()" line-rate="0" branch-rate="1" complexity="1">
              <lines>
                <line number="153" hits="0" branch="False" />
              </lines>
            </method>
            <method name="get_updated_at" signature="()" line-rate="0" branch-rate="1" complexity="1">
              <lines>
                <line number="154" hits="0" branch="False" />
              </lines>
            </method>
            <method name=".ctor" signature="(System.String,System.String,System.Int32,System.String,System.Int64)" line-rate="0" branch-rate="1" complexity="1">
              <lines>
                <line number="149" hits="0" branch="False" />
                <line number="155" hits="0" branch="False" />
              </lines>
            </method>
          </methods>
          <lines>
            <line number="150" hits="0" branch="False" />
            <line number="151" hits="0" branch="False" />
            <line number="152" hits="0" branch="False" />
            <line number="153" hits="0" branch="False" />
            <line number="154" hits="0" branch="False" />
            <line number="149" hits="0" branch="False" />
            <line number="155" hits="0" branch="False" />
          </lines>
        </class>
        <class name="MehguViewer.Shared.Models.HistoryListResponse" filename="MehguViewer.Core.Shared/Domain.cs" line-rate="0" branch-rate="1" complexity="3">
          <methods>
            <method name="get_data" signature="()" line-rate="0" branch-rate="1" complexity="1">
              <lines>
                <line number="158" hits="0" branch="False" />
              </lines>
            </method>
            <method name="get_meta" signature="()" line-rate="0" branch-rate="1" complexity="1">
              <lines>
                <line number="159" hits="0" branch="False" />
              </lines>
            </method>
            <method name=".ctor" signature="(MehguViewer.Shared.Models.ReadingProgress[],MehguViewer.Shared.Models.HistoryMeta)" line-rate="0" branch-rate="1" complexity="1">
              <lines>
                <line number="157" hits="0" branch="False" />
                <line number="160" hits="0" branch="False" />
              </lines>
            </method>
          </methods>
          <lines>
            <line number="158" hits="0" branch="False" />
            <line number="159" hits="0" branch="False" />
            <line number="157" hits="0" branch="False" />
            <line number="160" hits="0" branch="False" />
          </lines>
        </class>
        <class name="MehguViewer.Shared.Models.HistoryMeta" filename="MehguViewer.Core.Shared/Domain.cs" line-rate="0" branch-rate="1" complexity="3">
          <methods>
            <method name="get_total" signature="()" line-rate="0" branch-rate="1" complexity="1">
              <lines>
                <line number="163" hits="0" branch="False" />
              </lines>
            </method>
            <method name="get_has_more" signature="()" line-rate="0" branch-rate="1" complexity="1">
              <lines>
                <line number="164" hits="0" branch="False" />
              </lines>
            </method>
            <method name=".ctor" signature="(System.Int32,System.Boolean)" line-rate="0" branch-rate="1" complexity="1">
              <lines>
                <line number="162" hits="0" branch="False" />
                <line number="165" hits="0" branch="False" />
              </lines>
            </method>
          </methods>
          <lines>
            <line number="163" hits="0" branch="False" />
            <line number="164" hits="0" branch="False" />
            <line number="162" hits="0" branch="False" />
            <line number="165" hits="0" branch="False" />
          </lines>
        </class>
        <class name="MehguViewer.Shared.Models.HistoryBatchImport" filename="MehguViewer.Core.Shared/Domain.cs" line-rate="0" branch-rate="1" complexity="2">
          <methods>
            <method name="get_items" signature="()" line-rate="0" branch-rate="1" complexity="1">
              <lines>
                <line number="168" hits="0" branch="False" />
              </lines>
            </method>
            <method name=".ctor" signature="(MehguViewer.Shared.Models.HistoryImportItem[])" line-rate="0" branch-rate="1" complexity="1">
              <lines>
                <line number="167" hits="0" branch="False" />
                <line number="169" hits="0" branch="False" />
              </lines>
            </method>
          </methods>
          <lines>
            <line number="168" hits="0" branch="False" />
            <line number="167" hits="0" branch="False" />
            <line number="169" hits="0" branch="False" />
          </lines>
        </class>
        <class name="MehguViewer.Shared.Models.HistoryImportItem" filename="MehguViewer.Core.Shared/Domain.cs" line-rate="0" branch-rate="1" complexity="4">
          <methods>
            <method name="get_series_urn" signature="()" line-rate="0" branch-rate="1" complexity="1">
              <lines>
                <line number="172" hits="0" branch="False" />
              </lines>
            </method>
            <method name="get_chapter_urn" signature="()" line-rate="0" branch-rate="1" complexity="1">
              <lines>
                <line number="173" hits="0" branch="False" />
              </lines>
            </method>
            <method name="get_read_at" signature="()" line-rate="0" branch-rate="1" complexity="1">
              <lines>
                <line number="174" hits="0" branch="False" />
              </lines>
            </method>
            <method name=".ctor" signature="(System.String,System.String,System.DateTime)" line-rate="0" branch-rate="1" complexity="1">
              <lines>
                <line number="171" hits="0" branch="False" />
                <line number="175" hits="0" branch="False" />
              </lines>
            </method>
          </methods>
          <lines>
            <line number="172" hits="0" branch="False" />
            <line number="173" hits="0" branch="False" />
            <line number="174" hits="0" branch="False" />
            <line number="171" hits="0" branch="False" />
            <line number="175" hits="0" branch="False" />
          </lines>
        </class>
        <class name="MehguViewer.Shared.Models.Comment" filename="MehguViewer.Core.Shared/Domain.cs" line-rate="0" branch-rate="1" complexity="6">
          <methods>
            <method name="get_id" signature="()" line-rate="0" branch-rate="1" complexity="1">
              <lines>
                <line number="179" hits="0" branch="False" />
              </lines>
            </method>
            <method name="get_content" signature="()" line-rate="0" branch-rate="1" complexity="1">
              <lines>
                <line number="180" hits="0" branch="False" />
              </lines>
            </method>
            <method name="get_author" signature="()" line-rate="0" branch-rate="1" complexity="1">
              <lines>
                <line number="181" hits="0" branch="False" />
              </lines>
            </method>
            <method name="get_created_at" signature="()" line-rate="0" branch-rate="1" complexity="1">
              <lines>
                <line number="182" hits="0" branch="False" />
              </lines>
            </method>
            <method name="get_vote_count" signature="()" line-rate="0" branch-rate="1" complexity="1">
              <lines>
                <line number="183" hits="0" branch="False" />
              </lines>
            </method>
            <method name=".ctor" signature="(System.String,System.String,MehguViewer.Shared.Models.AuthorSnapshot,System.DateTime,System.Int32)" line-rate="0" branch-rate="1" complexity="1">
              <lines>
                <line number="178" hits="0" branch="False" />
                <line number="184" hits="0" branch="False" />
              </lines>
            </method>
          </methods>
          <lines>
            <line number="179" hits="0" branch="False" />
            <line number="180" hits="0" branch="False" />
            <line number="181" hits="0" branch="False" />
            <line number="182" hits="0" branch="False" />
            <line number="183" hits="0" branch="False" />
            <line number="178" hits="0" branch="False" />
            <line number="184" hits="0" branch="False" />
          </lines>
        </class>
        <class name="MehguViewer.Shared.Models.CommentCreate" filename="MehguViewer.Core.Shared/Domain.cs" line-rate="0" branch-rate="1" complexity="4">
          <methods>
            <method name="get_target_urn" signature="()" line-rate="0" branch-rate="1" complexity="1">
              <lines>
                <line number="187" hits="0" branch="False" />
              </lines>
            </method>
            <method name="get_body_markdown" signature="()" line-rate="0" branch-rate="1" complexity="1">
              <lines>
                <line number="188" hits="0" branch="False" />
              </lines>
            </method>
            <method name="get_spoiler" signature="()" line-rate="0" branch-rate="1" complexity="1">
              <lines>
                <line number="189" hits="0" branch="False" />
              </lines>
            </method>
            <method name=".ctor" signature="(System.String,System.String,System.Boolean)" line-rate="0" branch-rate="1" complexity="1">
              <lines>
                <line number="186" hits="0" branch="False" />
                <line number="190" hits="0" branch="False" />
              </lines>
            </method>
          </methods>
          <lines>
            <line number="187" hits="0" branch="False" />
            <line number="188" hits="0" branch="False" />
            <line number="189" hits="0" branch="False" />
            <line number="186" hits="0" branch="False" />
            <line number="190" hits="0" branch="False" />
          </lines>
        </class>
        <class name="MehguViewer.Shared.Models.AuthorSnapshot" filename="MehguViewer.Core.Shared/Domain.cs" line-rate="0" branch-rate="1" complexity="5">
          <methods>
            <method name="get_uid" signature="()" line-rate="0" branch-rate="1" complexity="1">
              <lines>
                <line number="193" hits="0" branch="False" />
              </lines>
            </method>
            <method name="get_display_name" signature="()" line-rate="0" branch-rate="1" complexity="1">
              <lines>
                <line number="194" hits="0" branch="False" />
              </lines>
            </method>
            <method name="get_avatar_url" signature="()" line-rate="0" branch-rate="1" complexity="1">
              <lines>
                <line number="195" hits="0" branch="False" />
              </lines>
            </method>
            <method name="get_role_badge" signature="()" line-rate="0" branch-rate="1" complexity="1">
              <lines>
                <line number="196" hits="0" branch="False" />
              </lines>
            </method>
            <method name=".ctor" signature="(System.String,System.String,System.String,System.String)" line-rate="0" branch-rate="1" complexity="1">
              <lines>
                <line number="192" hits="0" branch="False" />
                <line number="197" hits="0" branch="False" />
              </lines>
            </method>
          </methods>
          <lines>
            <line number="193" hits="0" branch="False" />
            <line number="194" hits="0" branch="False" />
            <line number="195" hits="0" branch="False" />
            <line number="196" hits="0" branch="False" />
            <line number="192" hits="0" branch="False" />
            <line number="197" hits="0" branch="False" />
          </lines>
        </class>
        <class name="MehguViewer.Shared.Models.CommentListResponse" filename="MehguViewer.Core.Shared/Domain.cs" line-rate="0" branch-rate="1" complexity="3">
          <methods>
            <method name="get_data" signature="()" line-rate="0" branch-rate="1" complexity="1">
              <lines>
                <line number="200" hits="0" branch="False" />
              </lines>
            </method>
            <method name="get_meta" signature="()" line-rate="0" branch-rate="1" complexity="1">
              <lines>
                <line number="201" hits="0" branch="False" />
              </lines>
            </method>
            <method name=".ctor" signature="(MehguViewer.Shared.Models.Comment[],MehguViewer.Shared.Models.CursorPagination)" line-rate="0" branch-rate="1" complexity="1">
              <lines>
                <line number="199" hits="0" branch="False" />
                <line number="202" hits="0" branch="False" />
              </lines>
            </method>
          </methods>
          <lines>
            <line number="200" hits="0" branch="False" />
            <line number="201" hits="0" branch="False" />
            <line number="199" hits="0" branch="False" />
            <line number="202" hits="0" branch="False" />
          </lines>
        </class>
        <class name="MehguViewer.Shared.Models.Vote" filename="MehguViewer.Core.Shared/Domain.cs" line-rate="0" branch-rate="1" complexity="4">
          <methods>
            <method name="get_target_id" signature="()" line-rate="0" branch-rate="1" complexity="1">
              <lines>
                <line number="205" hits="0" branch="False" />
              </lines>
            </method>
            <method name="get_target_type" signature="()" line-rate="0" branch-rate="1" complexity="1">
              <lines>
                <line number="206" hits="0" branch="False" />
              </lines>
            </method>
            <method name="get_value" signature="()" line-rate="0" branch-rate="1" complexity="1">
              <lines>
                <line number="207" hits="0" branch="False" />
              </lines>
            </method>
            <method name=".ctor" signature="(System.String,System.String,System.Int32)" line-rate="0" branch-rate="1" complexity="1">
              <lines>
                <line number="204" hits="0" branch="False" />
                <line number="208" hits="0" branch="False" />
              </lines>
            </method>
          </methods>
          <lines>
            <line number="205" hits="0" branch="False" />
            <line number="206" hits="0" branch="False" />
            <line number="207" hits="0" branch="False" />
            <line number="204" hits="0" branch="False" />
            <line number="208" hits="0" branch="False" />
          </lines>
        </class>
        <class name="MehguViewer.Shared.Models.Collection" filename="MehguViewer.Core.Shared/Domain.cs" line-rate="0" branch-rate="1" complexity="5">
          <methods>
            <method name="get_id" signature="()" line-rate="0" branch-rate="1" complexity="1">
              <lines>
                <line number="212" hits="0" branch="False" />
              </lines>
            </method>
            <method name="get_name" signature="()" line-rate="0" branch-rate="1" complexity="1">
              <lines>
                <line number="213" hits="0" branch="False" />
              </lines>
            </method>
            <method name="get_is_system" signature="()" line-rate="0" branch-rate="1" complexity="1">
              <lines>
                <line number="214" hits="0" branch="False" />
              </lines>
            </method>
            <method name="get_items" signature="()" line-rate="0" branch-rate="1" complexity="1">
              <lines>
                <line number="215" hits="0" branch="False" />
              </lines>
            </method>
            <method name=".ctor" signature="(System.String,System.String,System.Boolean,System.String[])" line-rate="0" branch-rate="1" complexity="1">
              <lines>
                <line number="211" hits="0" branch="False" />
                <line number="216" hits="0" branch="False" />
              </lines>
            </method>
          </methods>
          <lines>
            <line number="212" hits="0" branch="False" />
            <line number="213" hits="0" branch="False" />
            <line number="214" hits="0" branch="False" />
            <line number="215" hits="0" branch="False" />
            <line number="211" hits="0" branch="False" />
            <line number="216" hits="0" branch="False" />
          </lines>
        </class>
        <class name="MehguViewer.Shared.Models.CollectionCreate" filename="MehguViewer.Core.Shared/Domain.cs" line-rate="0" branch-rate="1" complexity="2">
          <methods>
            <method name="get_name" signature="()" line-rate="0" branch-rate="1" complexity="1">
              <lines>
                <line number="219" hits="0" branch="False" />
              </lines>
            </method>
            <method name=".ctor" signature="(System.String)" line-rate="0" branch-rate="1" complexity="1">
              <lines>
                <line number="218" hits="0" branch="False" />
                <line number="220" hits="0" branch="False" />
              </lines>
            </method>
          </methods>
          <lines>
            <line number="219" hits="0" branch="False" />
            <line number="218" hits="0" branch="False" />
            <line number="220" hits="0" branch="False" />
          </lines>
        </class>
        <class name="MehguViewer.Shared.Models.CollectionItemAdd" filename="MehguViewer.Core.Shared/Domain.cs" line-rate="0" branch-rate="1" complexity="2">
          <methods>
            <method name="get_target_urn" signature="()" line-rate="0" branch-rate="1" complexity="1">
              <lines>
                <line number="223" hits="0" branch="False" />
              </lines>
            </method>
            <method name=".ctor" signature="(System.String)" line-rate="0" branch-rate="1" complexity="1">
              <lines>
                <line number="222" hits="0" branch="False" />
                <line number="224" hits="0" branch="False" />
              </lines>
            </method>
          </methods>
          <lines>
            <line number="223" hits="0" branch="False" />
            <line number="222" hits="0" branch="False" />
            <line number="224" hits="0" branch="False" />
          </lines>
        </class>
        <class name="MehguViewer.Shared.Models.SystemConfig" filename="MehguViewer.Core.Shared/Domain.cs" line-rate="0.4285" branch-rate="1" complexity="6">
          <methods>
            <method name="get_is_setup_complete" signature="()" line-rate="1" branch-rate="1" complexity="1">
              <lines>
                <line number="228" hits="3" branch="False" />
              </lines>
            </method>
            <method name="get_registration_open" signature="()" line-rate="0" branch-rate="1" complexity="1">
              <lines>
                <line number="229" hits="0" branch="False" />
              </lines>
            </method>
            <method name="get_maintenance_mode" signature="()" line-rate="0" branch-rate="1" complexity="1">
              <lines>
                <line number="230" hits="0" branch="False" />
              </lines>
            </method>
            <method name="get_motd_message" signature="()" line-rate="0" branch-rate="1" complexity="1">
              <lines>
                <line number="231" hits="0" branch="False" />
              </lines>
            </method>
            <method name="get_default_language_filter" signature="()" line-rate="0" branch-rate="1" complexity="1">
              <lines>
                <line number="232" hits="0" branch="False" />
              </lines>
            </method>
            <method name=".ctor" signature="(System.Boolean,System.Boolean,System.Boolean,System.String,System.String[])" line-rate="1" branch-rate="1" complexity="1">
              <lines>
                <line number="227" hits="7" branch="False" />
                <line number="233" hits="7" branch="False" />
              </lines>
            </method>
          </methods>
          <lines>
            <line number="228" hits="3" branch="False" />
            <line number="229" hits="0" branch="False" />
            <line number="230" hits="0" branch="False" />
            <line number="231" hits="0" branch="False" />
            <line number="232" hits="0" branch="False" />
            <line number="227" hits="7" branch="False" />
            <line number="233" hits="7" branch="False" />
          </lines>
        </class>
        <class name="MehguViewer.Shared.Models.SystemStats" filename="MehguViewer.Core.Shared/Domain.cs" line-rate="0" branch-rate="1" complexity="4">
          <methods>
            <method name="get_total_users" signature="()" line-rate="0" branch-rate="1" complexity="1">
              <lines>
                <line number="236" hits="0" branch="False" />
              </lines>
            </method>
            <method name="get_total_storage_bytes" signature="()" line-rate="0" branch-rate="1" complexity="1">
              <lines>
                <line number="237" hits="0" branch="False" />
              </lines>
            </method>
            <method name="get_uptime_seconds" signature="()" line-rate="0" branch-rate="1" complexity="1">
              <lines>
                <line number="238" hits="0" branch="False" />
              </lines>
            </method>
            <method name=".ctor" signature="(System.Int32,System.Int64,System.Int32)" line-rate="0" branch-rate="1" complexity="1">
              <lines>
                <line number="235" hits="0" branch="False" />
                <line number="239" hits="0" branch="False" />
              </lines>
            </method>
          </methods>
          <lines>
            <line number="236" hits="0" branch="False" />
            <line number="237" hits="0" branch="False" />
            <line number="238" hits="0" branch="False" />
            <line number="235" hits="0" branch="False" />
            <line number="239" hits="0" branch="False" />
          </lines>
        </class>
        <class name="MehguViewer.Shared.Models.Report" filename="MehguViewer.Core.Shared/Domain.cs" line-rate="0" branch-rate="1" complexity="4">
          <methods>
            <method name="get_target_urn" signature="()" line-rate="0" branch-rate="1" complexity="1">
              <lines>
                <line number="242" hits="0" branch="False" />
              </lines>
            </method>
            <method name="get_reason" signature="()" line-rate="0" branch-rate="1" complexity="1">
              <lines>
                <line number="243" hits="0" branch="False" />
              </lines>
            </method>
            <method name="get_severity" signature="()" line-rate="0" branch-rate="1" complexity="1">
              <lines>
                <line number="244" hits="0" branch="False" />
              </lines>
            </method>
            <method name=".ctor" signature="(System.String,System.String,System.String)" line-rate="0" branch-rate="1" complexity="1">
              <lines>
                <line number="241" hits="0" branch="False" />
                <line number="245" hits="0" branch="False" />
              </lines>
            </method>
          </methods>
          <lines>
            <line number="242" hits="0" branch="False" />
            <line number="243" hits="0" branch="False" />
            <line number="244" hits="0" branch="False" />
            <line number="241" hits="0" branch="False" />
            <line number="245" hits="0" branch="False" />
          </lines>
        </class>
        <class name="MehguViewer.Shared.Models.User" filename="MehguViewer.Core.Shared/Domain.cs" line-rate="0" branch-rate="1" complexity="6">
          <methods>
            <method name="get_id" signature="()" line-rate="0" branch-rate="1" complexity="1">
              <lines>
                <line number="249" hits="0" branch="False" />
              </lines>
            </method>
            <method name="get_username" signature="()" line-rate="0" branch-rate="1" complexity="1">
              <lines>
                <line number="250" hits="0" branch="False" />
              </lines>
            </method>
            <method name="get_password_hash" signature="()" line-rate="0" branch-rate="1" complexity="1">
              <lines>
                <line number="251" hits="0" branch="False" />
              </lines>
            </method>
            <method name="get_role" signature="()" line-rate="0" branch-rate="1" complexity="1">
              <lines>
                <line number="252" hits="0" branch="False" />
              </lines>
            </method>
            <method name="get_created_at" signature="()" line-rate="0" branch-rate="1" complexity="1">
              <lines>
                <line number="253" hits="0" branch="False" />
              </lines>
            </method>
            <method name=".ctor" signature="(System.String,System.String,System.String,System.String,System.DateTime)" line-rate="0" branch-rate="1" complexity="1">
              <lines>
                <line number="248" hits="0" branch="False" />
                <line number="254" hits="0" branch="False" />
              </lines>
            </method>
          </methods>
          <lines>
            <line number="249" hits="0" branch="False" />
            <line number="250" hits="0" branch="False" />
            <line number="251" hits="0" branch="False" />
            <line number="252" hits="0" branch="False" />
            <line number="253" hits="0" branch="False" />
            <line number="248" hits="0" branch="False" />
            <line number="254" hits="0" branch="False" />
          </lines>
        </class>
        <class name="MehguViewer.Shared.Models.UserCreate" filename="MehguViewer.Core.Shared/Domain.cs" line-rate="0.8" branch-rate="1" complexity="4">
          <methods>
            <method name="get_username" signature="()" line-rate="1" branch-rate="1" complexity="1">
              <lines>
                <line number="257" hits="13" branch="False" />
              </lines>
            </method>
            <method name="get_password" signature="()" line-rate="1" branch-rate="1" complexity="1">
              <lines>
                <line number="258" hits="6" branch="False" />
              </lines>
            </method>
            <method name="get_role" signature="()" line-rate="0" branch-rate="1" complexity="1">
              <lines>
                <line number="259" hits="0" branch="False" />
              </lines>
            </method>
            <method name=".ctor" signature="(System.String,System.String,System.String)" line-rate="1" branch-rate="1" complexity="1">
              <lines>
                <line number="256" hits="6" branch="False" />
                <line number="260" hits="6" branch="False" />
              </lines>
            </method>
          </methods>
          <lines>
            <line number="257" hits="13" branch="False" />
            <line number="258" hits="6" branch="False" />
            <line number="259" hits="0" branch="False" />
            <line number="256" hits="6" branch="False" />
            <line number="260" hits="6" branch="False" />
          </lines>
        </class>
        <class name="MehguViewer.Shared.Models.UserUpdate" filename="MehguViewer.Core.Shared/Domain.cs" line-rate="0" branch-rate="1" complexity="3">
          <methods>
            <method name="get_role" signature="()" line-rate="0" branch-rate="1" complexity="1">
              <lines>
                <line number="263" hits="0" branch="False" />
              </lines>
            </method>
            <method name="get_password" signature="()" line-rate="0" branch-rate="1" complexity="1">
              <lines>
                <line number="264" hits="0" branch="False" />
              </lines>
            </method>
            <method name=".ctor" signature="(System.String,System.String)" line-rate="0" branch-rate="1" complexity="1">
              <lines>
                <line number="262" hits="0" branch="False" />
                <line number="265" hits="0" branch="False" />
              </lines>
            </method>
          </methods>
          <lines>
            <line number="263" hits="0" branch="False" />
            <line number="264" hits="0" branch="False" />
            <line number="262" hits="0" branch="False" />
            <line number="265" hits="0" branch="False" />
          </lines>
        </class>
        <class name="MehguViewer.Shared.Models.LoginRequest" filename="MehguViewer.Core.Shared/Domain.cs" line-rate="1" branch-rate="1" complexity="3">
          <methods>
            <method name="get_username" signature="()" line-rate="1" branch-rate="1" complexity="1">
              <lines>
                <line number="268" hits="3" branch="False" />
              </lines>
            </method>
[...]
            <line number="507" hits="0" branch="False" />
            <line number="508" hits="0" branch="False" />
            <line number="509" hits="0" branch="True" condition-coverage="0% (0/4)">
              <conditions>
                <condition number="88" type="jump" coverage="0%" />
                <condition number="80" type="jump" coverage="0%" />
              </conditions>
            </line>
            <line number="511" hits="0" branch="False" />
            <line number="512" hits="0" branch="False" />
            <line number="514" hits="0" branch="False" />
            <line number="455" hits="0" branch="False" />
            <line number="458" hits="0" branch="False" />
            <line number="459" hits="0" branch="False" />
            <line number="460" hits="0" branch="False" />
            <line number="461" hits="0" branch="False" />
            <line number="462" hits="0" branch="False" />
          </lines>
        </class>
        <class name="MehguViewer.Core.UI.Components.StorageSettingsNew/StorageStatsResponse" filename="MehguViewer.Core.UI/Components/StorageSettingsNew.razor" line-rate="0" branch-rate="1" complexity="1">
          <methods>
            <method name="get_asset_count" signature="()" line-rate="0" branch-rate="1" complexity="1">
              <lines>
                <line number="573" hits="0" branch="False" />
              </lines>
            </method>
          </methods>
          <lines>
            <line number="573" hits="0" branch="False" />
          </lines>
        </class>
        <class name="MehguViewer.Core.UI.Components.StorageSettingsNew/StorageSettingsUpdate" filename="MehguViewer.Core.UI/Components/StorageSettingsNew.razor" line-rate="0" branch-rate="1" complexity="1">
          <methods>
            <method name="get_thumbnail_size" signature="()" line-rate="0" branch-rate="1" complexity="1">
              <lines>
                <line number="574" hits="0" branch="False" />
              </lines>
            </method>
          </methods>
          <lines>
            <line number="574" hits="0" branch="False" />
          </lines>
        </class>
        <class name="MehguViewer.Core.UI.Components.StorageSettingsNew/&lt;ClearCache&gt;d__16" filename="MehguViewer.Core.UI/Components/StorageSettingsNew.razor" line-rate="0" branch-rate="0" complexity="2">
          <methods>
            <method name="MoveNext" signature="()" line-rate="0" branch-rate="0" complexity="2">
              <lines>
                <line number="521" hits="0" branch="False" />
                <line number="522" hits="0" branch="True" condition-coverage="0% (0/2)">
                  <conditions>
                    <condition number="136" type="jump" coverage="0%" />
                  </conditions>
                </line>
                <line number="524" hits="0" branch="False" />
                <line number="525" hits="0" branch="False" />
                <line number="529" hits="0" branch="False" />
                <line number="531" hits="0" branch="False" />
                <line number="532" hits="0" branch="False" />
                <line number="534" hits="0" branch="False" />
                <line number="535" hits="0" branch="False" />
                <line number="536" hits="0" branch="False" />
                <line number="537" hits="0" branch="False" />
              </lines>
            </method>
          </methods>
          <lines>
            <line number="521" hits="0" branch="False" />
            <line number="522" hits="0" branch="True" condition-coverage="0% (0/2)">
              <conditions>
                <condition number="136" type="jump" coverage="0%" />
              </conditions>
            </line>
            <line number="524" hits="0" branch="False" />
            <line number="525" hits="0" branch="False" />
            <line number="529" hits="0" branch="False" />
            <line number="531" hits="0" branch="False" />
            <line number="532" hits="0" branch="False" />
            <line number="534" hits="0" branch="False" />
            <line number="535" hits="0" branch="False" />
            <line number="536" hits="0" branch="False" />
            <line number="537" hits="0" branch="False" />
          </lines>
        </class>
        <class name="MehguViewer.Core.UI.Components.StorageSettingsNew/&lt;CopyPath&gt;d__17" filename="MehguViewer.Core.UI/Components/StorageSettingsNew.razor" line-rate="0" branch-rate="1" complexity="1">
          <methods>
            <method name="MoveNext" signature="()" line-rate="0" branch-rate="1" complexity="1">
              <lines>
                <line number="541" hits="0" branch="False" />
                <line number="542" hits="0" branch="False" />
                <line number="543" hits="0" branch="False" />
              </lines>
            </method>
          </methods>
          <lines>
            <line number="541" hits="0" branch="False" />
            <line number="542" hits="0" branch="False" />
            <line number="543" hits="0" branch="False" />
          </lines>
        </class>
        <class name="MehguViewer.Core.UI.Components.StorageSettingsNew/&lt;LoadStorageStats&gt;d__14" filename="MehguViewer.Core.UI/Components/StorageSettingsNew.razor" line-rate="0" branch-rate="0" complexity="4">
          <methods>
            <method name="MoveNext" signature="()" line-rate="0" branch-rate="0" complexity="4">
              <lines>
                <line number="474" hits="0" branch="False" />
                <line number="477" hits="0" branch="False" />
                <line number="478" hits="0" branch="True" condition-coverage="0% (0/2)">
                  <conditions>
                    <condition number="158" type="jump" coverage="0%" />
                  </conditions>
                </line>
                <line number="480" hits="0" branch="False" />
                <line number="483" hits="0" branch="False" />
                <line number="484" hits="0" branch="True" condition-coverage="0% (0/2)">
                  <conditions>
                    <condition number="294" type="jump" coverage="0%" />
                  </conditions>
                </line>
                <line number="486" hits="0" branch="False" />
                <line number="487" hits="0" branch="False" />
                <line number="488" hits="0" branch="False" />
                <line number="489" hits="0" branch="False" />
                <line number="490" hits="0" branch="False" />
                <line number="491" hits="0" branch="False" />
                <line number="493" hits="0" branch="False" />
                <line number="494" hits="0" branch="False" />
                <line number="496" hits="0" branch="False" />
                <line number="497" hits="0" branch="False" />
                <line number="500" hits="0" branch="False" />
                <line number="502" hits="0" branch="False" />
              </lines>
            </method>
          </methods>
          <lines>
            <line number="474" hits="0" branch="False" />
            <line number="477" hits="0" branch="False" />
            <line number="478" hits="0" branch="True" condition-coverage="0% (0/2)">
              <conditions>
                <condition number="158" type="jump" coverage="0%" />
              </conditions>
            </line>
            <line number="480" hits="0" branch="False" />
            <line number="483" hits="0" branch="False" />
            <line number="484" hits="0" branch="True" condition-coverage="0% (0/2)">
              <conditions>
                <condition number="294" type="jump" coverage="0%" />
              </conditions>
            </line>
            <line number="486" hits="0" branch="False" />
            <line number="487" hits="0" branch="False" />
            <line number="488" hits="0" branch="False" />
            <line number="489" hits="0" branch="False" />
            <line number="490" hits="0" branch="False" />
            <line number="491" hits="0" branch="False" />
            <line number="493" hits="0" branch="False" />
            <line number="494" hits="0" branch="False" />
            <line number="496" hits="0" branch="False" />
            <line number="497" hits="0" branch="False" />
            <line number="500" hits="0" branch="False" />
            <line number="502" hits="0" branch="False" />
          </lines>
        </class>
        <class name="MehguViewer.Core.UI.Components.StorageSettingsNew/&lt;OnInitializedAsync&gt;d__13" filename="MehguViewer.Core.UI/Components/StorageSettingsNew.razor" line-rate="0" branch-rate="1" complexity="1">
          <methods>
            <method name="MoveNext" signature="()" line-rate="0" branch-rate="1" complexity="1">
              <lines>
                <line number="469" hits="0" branch="False" />
                <line number="470" hits="0" branch="False" />
              </lines>
            </method>
          </methods>
          <lines>
            <line number="469" hits="0" branch="False" />
            <line number="470" hits="0" branch="False" />
          </lines>
        </class>
        <class name="MehguViewer.Core.UI.Components.StorageSettingsNew/&lt;SaveSettings&gt;d__18" filename="MehguViewer.Core.UI/Components/StorageSettingsNew.razor" line-rate="0" branch-rate="0" complexity="2">
          <methods>
            <method name="MoveNext" signature="()" line-rate="0" branch-rate="0" complexity="2">
              <lines>
                <line number="547" hits="0" branch="False" />
                <line number="550" hits="0" branch="False" />
                <line number="551" hits="0" branch="False" />
                <line number="552" hits="0" branch="True" condition-coverage="0% (0/2)">
                  <conditions>
                    <condition number="170" type="jump" coverage="0%" />
                  </conditions>
                </line>
                <line number="554" hits="0" branch="False" />
                <line number="558" hits="0" branch="False" />
                <line number="560" hits="0" branch="False" />
                <line number="561" hits="0" branch="False" />
                <line number="563" hits="0" branch="False" />
                <line number="564" hits="0" branch="False" />
                <line number="565" hits="0" branch="False" />
                <line number="568" hits="0" branch="False" />
                <line number="570" hits="0" branch="False" />
              </lines>
            </method>
          </methods>
          <lines>
            <line number="547" hits="0" branch="False" />
            <line number="550" hits="0" branch="False" />
            <line number="551" hits="0" branch="False" />
            <line number="552" hits="0" branch="True" condition-coverage="0% (0/2)">
              <conditions>
                <condition number="170" type="jump" coverage="0%" />
              </conditions>
            </line>
            <line number="554" hits="0" branch="False" />
            <line number="558" hits="0" branch="False" />
            <line number="560" hits="0" branch="False" />
            <line number="561" hits="0" branch="False" />
            <line number="563" hits="0" branch="False" />
            <line number="564" hits="0" branch="False" />
            <line number="565" hits="0" branch="False" />
            <line number="568" hits="0" branch="False" />
            <line number="570" hits="0" branch="False" />
          </lines>
        </class>
        <class name="MehguViewer.Core.UI.Services.CryptoHelper" filename="MehguViewer.Core.UI/Services/CryptoHelper.cs" line-rate="0" branch-rate="1" complexity="1">
          <methods>
            <method name="HashPassword" signature="(System.String)" line-rate="0" branch-rate="1" complexity="1">
              <lines>
                <line number="10" hits="0" branch="False" />
                <line number="11" hits="0" branch="False" />
                <line number="12" hits="0" branch="False" />
                <line number="13" hits="0" branch="False" />
              </lines>
            </method>
          </methods>
          <lines>
            <line number="10" hits="0" branch="False" />
            <line number="11" hits="0" branch="False" />
            <line number="12" hits="0" branch="False" />
            <line number="13" hits="0" branch="False" />
          </lines>
        </class>
        <class name="MehguViewer.Core.UI.Services.DashboardSettingsService" filename="MehguViewer.Core.UI/Services/DashboardSettingsService.cs" line-rate="0" branch-rate="1" complexity="2">
          <methods>
            <method name="GetDefaultSettings" signature="()" line-rate="0" branch-rate="1" complexity="1">
              <lines>
                <line number="41" hits="0" branch="False" />
                <line number="42" hits="0" branch="False" />
                <line number="43" hits="0" branch="False" />
                <line number="44" hits="0" branch="False" />
                <line number="45" hits="0" branch="False" />
                <line number="46" hits="0" branch="False" />
                <line number="47" hits="0" branch="False" />
                <line number="48" hits="0" branch="False" />
                <line number="49" hits="0" branch="False" />
                <line number="50" hits="0" branch="False" />
              </lines>
            </method>
            <method name=".ctor" signature="(Microsoft.JSInterop.IJSRuntime)" line-rate="0" branch-rate="1" complexity="1">
              <lines>
                <line number="11" hits="0" branch="False" />
                <line number="13" hits="0" branch="False" />
                <line number="14" hits="0" branch="False" />
              </lines>
            </method>
          </methods>
          <lines>
            <line number="41" hits="0" branch="False" />
            <line number="42" hits="0" branch="False" />
            <line number="43" hits="0" branch="False" />
            <line number="44" hits="0" branch="False" />
            <line number="45" hits="0" branch="False" />
            <line number="46" hits="0" branch="False" />
            <line number="47" hits="0" branch="False" />
            <line number="48" hits="0" branch="False" />
            <line number="49" hits="0" branch="False" />
            <line number="50" hits="0" branch="False" />
            <line number="11" hits="0" branch="False" />
            <line number="13" hits="0" branch="False" />
            <line number="14" hits="0" branch="False" />
          </lines>
        </class>
        <class name="MehguViewer.Core.UI.Services.DashboardSettingsService/&lt;GetSettingsAsync&gt;d__3" filename="MehguViewer.Core.UI/Services/DashboardSettingsService.cs" line-rate="0" branch-rate="0" complexity="4">
          <methods>
            <method name="MoveNext" signature="()" line-rate="0" branch-rate="0" complexity="4">
              <lines>
                <line number="20" hits="0" branch="False" />
                <line number="21" hits="0" branch="True" condition-coverage="0% (0/2)">
                  <conditions>
                    <condition number="146" type="jump" coverage="0%" />
                  </conditions>
                </line>
                <line number="23" hits="0" branch="True" condition-coverage="0% (0/2)">
                  <conditions>
                    <condition number="156" type="jump" coverage="0%" />
                  </conditions>
                </line>
                <line number="25" hits="0" branch="False" />
                <line number="26" hits="0" branch="False" />
                <line number="29" hits="0" branch="False" />
                <line number="30" hits="0" branch="False" />
                <line number="31" hits="0" branch="False" />
              </lines>
            </method>
          </methods>
          <lines>
            <line number="20" hits="0" branch="False" />
            <line number="21" hits="0" branch="True" condition-coverage="0% (0/2)">
              <conditions>
                <condition number="146" type="jump" coverage="0%" />
              </conditions>
            </line>
            <line number="23" hits="0" branch="True" condition-coverage="0% (0/2)">
              <conditions>
                <condition number="156" type="jump" coverage="0%" />
              </conditions>
            </line>
            <line number="25" hits="0" branch="False" />
            <line number="26" hits="0" branch="False" />
            <line number="29" hits="0" branch="False" />
            <line number="30" hits="0" branch="False" />
            <line number="31" hits="0" branch="False" />
          </lines>
        </class>
        <class name="MehguViewer.Core.UI.Services.DashboardSettingsService/&lt;SaveSettingsAsync&gt;d__4" filename="MehguViewer.Core.UI/Services/DashboardSettingsService.cs" line-rate="0" branch-rate="1" complexity="1">
          <methods>
            <method name="MoveNext" signature="()" line-rate="0" branch-rate="1" complexity="1">
              <lines>
                <line number="35" hits="0" branch="False" />
                <line number="36" hits="0" branch="False" />
                <line number="37" hits="0" branch="False" />
              </lines>
            </method>
          </methods>
          <lines>
            <line number="35" hits="0" branch="False" />
            <line number="36" hits="0" branch="False" />
            <line number="37" hits="0" branch="False" />
          </lines>
        </class>
        <class name="MehguViewer.Core.UI.Services.DashboardSettings" filename="MehguViewer.Core.UI/Services/DashboardSettingsService.cs" line-rate="0" branch-rate="1" complexity="1">
          <methods>
            <method name="get_Widgets" signature="()" line-rate="0" branch-rate="1" complexity="1">
              <lines>
                <line number="56" hits="0" branch="False" />
              </lines>
            </method>
          </methods>
          <lines>
            <line number="56" hits="0" branch="False" />
          </lines>
        </class>
        <class name="MehguViewer.Core.UI.Services.WidgetConfig" filename="MehguViewer.Core.UI/Services/DashboardSettingsService.cs" line-rate="0" branch-rate="1" complexity="5">
          <methods>
            <method name="get_Id" signature="()" line-rate="0" branch-rate="1" complexity="1">
              <lines>
                <line number="61" hits="0" branch="False" />
              </lines>
            </method>
            <method name="get_Name" signature="()" line-rate="0" branch-rate="1" complexity="1">
              <lines>
                <line number="62" hits="0" branch="False" />
              </lines>
            </method>
            <method name="get_Icon" signature="()" line-rate="0" branch-rate="1" complexity="1">
              <lines>
                <line number="63" hits="0" branch="False" />
              </lines>
            </method>
            <method name="get_IsVisible" signature="()" line-rate="0" branch-rate="1" complexity="1">
              <lines>
                <line number="64" hits="0" branch="False" />
              </lines>
            </method>
            <method name="get_Order" signature="()" line-rate="0" branch-rate="1" complexity="1">
              <lines>
                <line number="65" hits="0" branch="False" />
              </lines>
            </method>
          </methods>
          <lines>
            <line number="61" hits="0" branch="False" />
            <line number="62" hits="0" branch="False" />
            <line number="63" hits="0" branch="False" />
            <line number="64" hits="0" branch="False" />
            <line number="65" hits="0" branch="False" />
          </lines>
        </class>
      </classes>
    </package>
  </packages>
</coverage>